<?xml version="1.0" encoding="UTF-8"?>
<testng-results ignored="0" total="5" passed="4" failed="1" skipped="0">
  <reporter-output>
  </reporter-output>
  <suite started-at="2025-09-03T17:19:59 IST" name="Suite" finished-at="2025-09-03T17:20:22 IST" duration-ms="22943">
    <groups>
      <group name="ErrorHandling">
        <method signature="ErrorValidationsTest.LoginErrorValidation()[pri:0, instance:raubin.tests.ErrorValidationsTest@1ed6388a]" name="LoginErrorValidation" class="raubin.tests.ErrorValidationsTest"/>
      </group> <!-- ErrorHandling -->
      <group name="Purchase">
        <method signature="SubmitOrderTest.submitOrder(java.util.HashMap)[pri:0, instance:raubin.tests.SubmitOrderTest@4d0f2471]" name="submitOrder" class="raubin.tests.SubmitOrderTest"/>
      </group> <!-- Purchase -->
    </groups>
    <test started-at="2025-09-03T17:19:59 IST" name="Error Validations Test" finished-at="2025-09-03T17:20:19 IST" duration-ms="20525">
      <class name="raubin.tests.ErrorValidationsTest">
        <test-method is-config="true" signature="launchApplication()[pri:0, instance:raubin.tests.ErrorValidationsTest@1ed6388a]" started-at="2025-09-03T17:19:59 IST" name="launchApplication" finished-at="2025-09-03T17:20:02 IST" duration-ms="3393" status="PASS">
          <reporter-output>
          </reporter-output>
        </test-method> <!-- launchApplication -->
        <test-method signature="LoginErrorValidation()[pri:0, instance:raubin.tests.ErrorValidationsTest@1ed6388a]" started-at="2025-09-03T17:20:02 IST" name="LoginErrorValidation" finished-at="2025-09-03T17:20:03 IST" duration-ms="550" status="PASS">
          <reporter-output>
          </reporter-output>
        </test-method> <!-- LoginErrorValidation -->
        <test-method is-config="true" signature="tearDown()[pri:0, instance:raubin.tests.ErrorValidationsTest@1ed6388a]" started-at="2025-09-03T17:20:03 IST" name="tearDown" finished-at="2025-09-03T17:20:03 IST" duration-ms="107" status="PASS">
          <reporter-output>
          </reporter-output>
        </test-method> <!-- tearDown -->
        <test-method is-config="true" signature="launchApplication()[pri:0, instance:raubin.tests.ErrorValidationsTest@1ed6388a]" started-at="2025-09-03T17:20:03 IST" name="launchApplication" finished-at="2025-09-03T17:20:07 IST" duration-ms="3821" status="PASS">
          <reporter-output>
          </reporter-output>
        </test-method> <!-- launchApplication -->
        <test-method signature="ProductErrorValidation()[pri:0, instance:raubin.tests.ErrorValidationsTest@1ed6388a]" started-at="2025-09-03T17:20:07 IST" name="ProductErrorValidation" finished-at="2025-09-03T17:20:19 IST" duration-ms="12263" status="FAIL">
          <exception class="java.lang.AssertionError">
            <message>
              <![CDATA[expected [true] but found [false]]]>
            </message>
            <full-stacktrace>
              <![CDATA[java.lang.AssertionError: expected [true] but found [false]
at org.testng.Assert.fail(Assert.java:111)
at org.testng.Assert.failNotEquals(Assert.java:1590)
at org.testng.Assert.assertTrue(Assert.java:57)
at org.testng.Assert.assertTrue(Assert.java:67)
at raubin.tests.ErrorValidationsTest.ProductErrorValidation(ErrorValidationsTest.java:34)
at java.base/jdk.internal.reflect.DirectMethodHandleAccessor.invoke(DirectMethodHandleAccessor.java:103)
at java.base/java.lang.reflect.Method.invoke(Method.java:580)
at org.testng.internal.invokers.MethodInvocationHelper.invokeMethod(MethodInvocationHelper.java:141)
at org.testng.internal.invokers.TestInvoker.invokeMethod(TestInvoker.java:687)
at org.testng.internal.invokers.TestInvoker.invokeTestMethod(TestInvoker.java:230)
at org.testng.internal.invokers.MethodRunner.runInSequence(MethodRunner.java:63)
at org.testng.internal.invokers.TestInvoker$MethodInvocationAgent.invoke(TestInvoker.java:995)
at org.testng.internal.invokers.TestInvoker.invokeTestMethods(TestInvoker.java:203)
at org.testng.internal.invokers.TestMethodWorker.invokeTestMethods(TestMethodWorker.java:154)
at org.testng.internal.invokers.TestMethodWorker.run(TestMethodWorker.java:134)
at java.base/java.util.ArrayList.forEach(ArrayList.java:1596)
at org.testng.TestRunner.privateRun(TestRunner.java:741)
at org.testng.TestRunner.run(TestRunner.java:616)
at org.testng.SuiteRunner.runTest(SuiteRunner.java:421)
at org.testng.SuiteRunner$SuiteWorker.run(SuiteRunner.java:463)
at org.testng.internal.thread.ThreadUtil.lambda$execute$0(ThreadUtil.java:64)
at java.base/java.util.concurrent.FutureTask.run(FutureTask.java:317)
at java.base/java.util.concurrent.ThreadPoolExecutor.runWorker(ThreadPoolExecutor.java:1144)
at java.base/java.util.concurrent.ThreadPoolExecutor$Worker.run(ThreadPoolExecutor.java:642)
at java.base/java.lang.Thread.run(Thread.java:1583)
]]>
            </full-stacktrace>
          </exception> <!-- java.lang.AssertionError -->
          <reporter-output>
          </reporter-output>
        </test-method> <!-- ProductErrorValidation -->
        <test-method is-config="true" signature="tearDown()[pri:0, instance:raubin.tests.ErrorValidationsTest@1ed6388a]" started-at="2025-09-03T17:20:19 IST" name="tearDown" finished-at="2025-09-03T17:20:19 IST" duration-ms="141" status="PASS">
          <reporter-output>
          </reporter-output>
        </test-method> <!-- tearDown -->
      </class> <!-- raubin.tests.ErrorValidationsTest -->
    </test> <!-- Error Validations Test -->
    <test started-at="2025-09-03T17:19:59 IST" name="Submit Order Test" finished-at="2025-09-03T17:20:22 IST" duration-ms="22943">
      <class name="raubin.tests.SubmitOrderTest">
        <test-method is-config="true" signature="launchApplication()[pri:0, instance:raubin.tests.SubmitOrderTest@4d0f2471]" started-at="2025-09-03T17:19:59 IST" name="launchApplication" finished-at="2025-09-03T17:20:04 IST" duration-ms="4757" status="PASS">
          <reporter-output>
          </reporter-output>
        </test-method> <!-- launchApplication -->
        <test-method signature="submitOrder(java.util.HashMap)[pri:0, instance:raubin.tests.SubmitOrderTest@4d0f2471]" started-at="2025-09-03T17:20:04 IST" name="submitOrder" data-provider="getData" finished-at="2025-09-03T17:20:08 IST" duration-ms="4226" status="PASS">
          <params>
            <param index="0">
              <value>
                <![CDATA[{password=Munna@4457, product=ZARA COAT 3, email=robinkr67@gmail.com}]]>
              </value>
            </param>
          </params>
          <reporter-output>
          </reporter-output>
        </test-method> <!-- submitOrder -->
        <test-method is-config="true" signature="tearDown()[pri:0, instance:raubin.tests.SubmitOrderTest@4d0f2471]" started-at="2025-09-03T17:20:08 IST" name="tearDown" finished-at="2025-09-03T17:20:08 IST" duration-ms="117" status="PASS">
          <reporter-output>
          </reporter-output>
        </test-method> <!-- tearDown -->
        <test-method is-config="true" signature="launchApplication()[pri:0, instance:raubin.tests.SubmitOrderTest@4d0f2471]" started-at="2025-09-03T17:20:08 IST" name="launchApplication" finished-at="2025-09-03T17:20:12 IST" duration-ms="3955" status="PASS">
          <reporter-output>
          </reporter-output>
        </test-method> <!-- launchApplication -->
        <test-method signature="submitOrder(java.util.HashMap)[pri:0, instance:raubin.tests.SubmitOrderTest@4d0f2471]" started-at="2025-09-03T17:20:12 IST" name="submitOrder" data-provider="getData" finished-at="2025-09-03T17:20:16 IST" duration-ms="3483" status="PASS">
          <params>
            <param index="0">
              <value>
                <![CDATA[{password=Raubin@4457, product=ADIDAS ORIGINAL, email=kumarraubin05@gmail.com}]]>
              </value>
            </param>
          </params>
          <reporter-output>
          </reporter-output>
        </test-method> <!-- submitOrder -->
        <test-method is-config="true" signature="tearDown()[pri:0, instance:raubin.tests.SubmitOrderTest@4d0f2471]" started-at="2025-09-03T17:20:16 IST" name="tearDown" finished-at="2025-09-03T17:20:16 IST" duration-ms="145" status="PASS">
          <reporter-output>
          </reporter-output>
        </test-method> <!-- tearDown -->
        <test-method is-config="true" signature="launchApplication()[pri:0, instance:raubin.tests.SubmitOrderTest@4d0f2471]" started-at="2025-09-03T17:20:16 IST" name="launchApplication" finished-at="2025-09-03T17:20:21 IST" duration-ms="5100" status="PASS">
          <reporter-output>
          </reporter-output>
        </test-method> <!-- launchApplication -->
        <test-method signature="OrderHistoryTest()[pri:0, instance:raubin.tests.SubmitOrderTest@4d0f2471]" started-at="2025-09-03T17:20:21 IST" name="OrderHistoryTest" finished-at="2025-09-03T17:20:22 IST" depends-on-methods="raubin.tests.SubmitOrderTest.submitOrder" duration-ms="873" status="PASS">
          <reporter-output>
          </reporter-output>
        </test-method> <!-- OrderHistoryTest -->
        <test-method is-config="true" signature="tearDown()[pri:0, instance:raubin.tests.SubmitOrderTest@4d0f2471]" started-at="2025-09-03T17:20:22 IST" name="tearDown" finished-at="2025-09-03T17:20:22 IST" duration-ms="110" status="PASS">
          <reporter-output>
          </reporter-output>
        </test-method> <!-- tearDown -->
      </class> <!-- raubin.tests.SubmitOrderTest -->
    </test> <!-- Submit Order Test -->
  </suite> <!-- Suite -->
</testng-results>
